<?xml version="1.0" encoding="UTF-8"?>
<testsuite xmlns:xsi="http://www.w3.org/2001/XMLSchema-instance" xsi:noNamespaceSchemaLocation="https://maven.apache.org/surefire/maven-surefire-plugin/xsd/surefire-test-report-3.0.xsd" version="3.0" name="com.example.shortener.controller.ShortenerControllerTest" time="1.369" tests="17" errors="0" skipped="0" failures="0">
  <properties>
[...]
</properties>
  <testcase name="shorten_withValidUrl_returnsShortCode" classname="com.example.shortener.controller.ShortenerControllerTest" time="0.121">
    <system-out><![CDATA[14:22:33.488 [main] INFO org.springframework.test.context.support.AnnotationConfigContextLoaderUtils -- Could not detect default configuration classes for test class [com.example.shortener.controller.ShortenerControllerTest]: ShortenerControllerTest does not declare any static, non-private, non-final, nested classes annotated with @Configuration.
14:22:33.553 [main] INFO org.springframework.boot.test.context.SpringBootTestContextBootstrapper -- Found @SpringBootConfiguration com.example.shortener.ShortenerApplication for test class com.example.shortener.controller.ShortenerControllerTest

  .   ____          _            __ _ _
 /\\ / ___'_ __ _ _(_)_ __  __ _ \ \ \ \
( ( )\___ | '_ | '_| | '_ \/ _` | \ \ \ \
 \\/  ___)| |_)| | | | | || (_| |  ) ) ) )
  '  |____| .__|_| |_|_| |_\__, | / / / /
 =========|_|==============|___/=/_/_/_/
 :: Spring Boot ::                (v3.1.5)

2025-10-16T14:22:33.686-06:00  INFO 72503 --- [           main] c.e.s.c.ShortenerControllerTest          : Starting ShortenerControllerTest using Java 17.0.16 with PID 72503 (started by javiermeza in /Users/javiermeza/projects/personal/zed-demo)
2025-10-16T14:22:33.687-06:00  INFO 72503 --- [           main] c.e.s.c.ShortenerControllerTest          : No active profile set, falling back to 1 default profile: "default"
2025-10-16T14:22:34.570-06:00  INFO 72503 --- [           main] o.s.b.t.m.w.SpringBootMockServletContext : Initializing Spring TestDispatcherServlet ''
2025-10-16T14:22:34.570-06:00  INFO 72503 --- [           main] o.s.t.web.servlet.TestDispatcherServlet  : Initializing Servlet ''
2025-10-16T14:22:34.572-06:00  INFO 72503 --- [           main] o.s.t.web.servlet.TestDispatcherServlet  : Completed initialization in 1 ms
2025-10-16T14:22:34.583-06:00  INFO 72503 --- [           main] c.e.s.c.ShortenerControllerTest          : Started ShortenerControllerTest in 1.003 seconds (process running for 1.392)
]]></system-out>
  </testcase>
  <testcase name="resolve_withSpecialCharactersInCode_handlesCorrectly" classname="com.example.shortener.controller.ShortenerControllerTest" time="0.006"/>
  <testcase name="shorten_withNullUrl_handledByService" classname="com.example.shortener.controller.ShortenerControllerTest" time="0.006"/>
  <testcase name="shorten_withVeryLongUrl_handlesCorrectly" classname="com.example.shortener.controller.ShortenerControllerTest" time="0.003"/>
  <testcase name="shorten_withHttpsUrl_returnsShortCode" classname="com.example.shortener.controller.ShortenerControllerTest" time="0.002"/>
  <testcase name="shorten_withHttpUrl_returnsShortCode" classname="com.example.shortener.controller.ShortenerControllerTest" time="0.002"/>
  <testcase name="resolve_withNullCode_returnsNotFound" classname="com.example.shortener.controller.ShortenerControllerTest" time="0.002"/>
  <testcase name="resolve_withMalformedJson_returnsBadRequest" classname="com.example.shortener.controller.ShortenerControllerTest" time="0.002">
    <system-out><![CDATA[2025-10-16T14:22:34.743-06:00  WARN 72503 --- [           main] .w.s.m.s.DefaultHandlerExceptionResolver : Resolved [org.springframework.http.converter.HttpMessageNotReadableException: JSON parse error: Unexpected character ('i' (code 105)): was expecting double-quote to start field name]
]]></system-out>
  </testcase>
  <testcase name="shorten_withBlankUrl_handledByService" classname="com.example.shortener.controller.ShortenerControllerTest" time="0.003"/>
  <testcase name="resolve_withMissingContentType_returnsUnsupportedMediaType" classname="com.example.shortener.controller.ShortenerControllerTest" time="0.003">
    <system-out><![CDATA[2025-10-16T14:22:34.750-06:00  WARN 72503 --- [           main] .w.s.m.s.DefaultHandlerExceptionResolver : Resolved [org.springframework.web.HttpMediaTypeNotSupportedException: Content-Type is not supported]
]]></system-out>
  </testcase>
  <testcase name="resolve_withUnknownCode_returnsNotFound" classname="com.example.shortener.controller.ShortenerControllerTest" time="0.002"/>
  <testcase name="resolve_withBlankCode_returnsNotFound" classname="com.example.shortener.controller.ShortenerControllerTest" time="0.002"/>
  <testcase name="shorten_whenCapacityExceeded_returnsServiceUnavailable" classname="com.example.shortener.controller.ShortenerControllerTest" time="0.004"/>
  <testcase name="shorten_withInvalidUrl_returnsBadRequest" classname="com.example.shortener.controller.ShortenerControllerTest" time="0.003"/>
  <testcase name="resolve_withKnownCode_returnsLongUrl" classname="com.example.shortener.controller.ShortenerControllerTest" time="0.003"/>
  <testcase name="shorten_withMalformedJson_returnsBadRequest" classname="com.example.shortener.controller.ShortenerControllerTest" time="0.001">
    <system-out><![CDATA[2025-10-16T14:22:34.771-06:00  WARN 72503 --- [           main] .w.s.m.s.DefaultHandlerExceptionResolver : Resolved [org.springframework.http.converter.HttpMessageNotReadableException: JSON parse error: Unexpected character ('i' (code 105)): was expecting double-quote to start field name]
]]></system-out>
  </testcase>
  <testcase name="shorten_withMissingContentType_returnsUnsupportedMediaType" classname="com.example.shortener.controller.ShortenerControllerTest" time="0.002">
    <system-out><![CDATA[2025-10-16T14:22:34.773-06:00  WARN 72503 --- [           main] .w.s.m.s.DefaultHandlerExceptionResolver : Resolved [org.springframework.web.HttpMediaTypeNotSupportedException: Content-Type is not supported]
]]></system-out>
  </testcase>
</testsuite>